<?xml version="1.0" encoding="UTF-8"?>
<!-- Generated by org.testng.reporters.JUnitXMLReporter -->
<testsuite ignored="0" hostname="Saro" failures="1" tests="1" name="Test2" time="5.403" errors="0" timestamp="2023-09-22T11:27:43 IST">
  <testcase classname="TestNg_Sequential.Cross_Browser" name="fb" time="5.268">
    <failure type="org.openqa.selenium.SessionNotCreatedException" message="session not created: This version of ChromeDriver only supports Chrome version 117
Current browser version is 116.0.5845.188 with binary path C:\Program Files\Google\Chrome\Application\chrome.exe
Build info: version: &amp;apos;3.141.59&amp;apos;, revision: &amp;apos;e82be7d358&amp;apos;, time: &amp;apos;2018-11-14T08:17:03&amp;apos;
System info: host: &amp;apos;SARO&amp;apos;, ip: &amp;apos;192.168.89.214&amp;apos;, os.name: &amp;apos;Windows 11&amp;apos;, os.arch: &amp;apos;amd64&amp;apos;, os.version: &amp;apos;10.0&amp;apos;, java.version: &amp;apos;19.0.2&amp;apos;
Driver info: driver.version: ChromeDriver
remote stacktrace: 	GetHandleVerifier [0x00007FF64E5D78A2+54818]
	(No symbol) [0x00007FF64E546AD2]
	(No symbol) [0x00007FF64E3FDA3B]
	(No symbol) [0x00007FF64E430972]
	(No symbol) [0x00007FF64E42FDCE]
	(No symbol) [0x00007FF64E42AA4B]
	(No symbol) [0x00007FF64E42802E]
	(No symbol) [0x00007FF64E4667FB]
	(No symbol) [0x00007FF64E45E883]
	(No symbol) [0x00007FF64E433691]
	(No symbol) [0x00007FF64E4348D4]
	GetHandleVerifier [0x00007FF64E93B9A2+3610402]
	GetHandleVerifier [0x00007FF64E991870+3962352]
	GetHandleVerifier [0x00007FF64E989D5F+3930847]
	GetHandleVerifier [0x00007FF64E673656+693206]
	(No symbol) [0x00007FF64E551638]
	(No symbol) [0x00007FF64E54D944]
	(No symbol) [0x00007FF64E54DA72]
	(No symbol) [0x00007FF64E53E123]
	BaseThreadInitThunk [0x00007FFC8EE3257D+29]
	RtlUserThreadStart [0x00007FFC9024AA68+40]
">
      <![CDATA[org.openqa.selenium.SessionNotCreatedException: session not created: This version of ChromeDriver only supports Chrome version 117
Current browser version is 116.0.5845.188 with binary path C:\Program Files\Google\Chrome\Application\chrome.exe
Build info: version: '3.141.59', revision: 'e82be7d358', time: '2018-11-14T08:17:03'
System info: host: 'SARO', ip: '192.168.89.214', os.name: 'Windows 11', os.arch: 'amd64', os.version: '10.0', java.version: '19.0.2'
Driver info: driver.version: ChromeDriver
remote stacktrace: GetHandleVerifier [0x00007FF64E5D78A2+54818]
(No symbol) [0x00007FF64E546AD2]
(No symbol) [0x00007FF64E3FDA3B]
(No symbol) [0x00007FF64E430972]
(No symbol) [0x00007FF64E42FDCE]
(No symbol) [0x00007FF64E42AA4B]
(No symbol) [0x00007FF64E42802E]
(No symbol) [0x00007FF64E4667FB]
(No symbol) [0x00007FF64E45E883]
(No symbol) [0x00007FF64E433691]
(No symbol) [0x00007FF64E4348D4]
GetHandleVerifier [0x00007FF64E93B9A2+3610402]
GetHandleVerifier [0x00007FF64E991870+3962352]
GetHandleVerifier [0x00007FF64E989D5F+3930847]
GetHandleVerifier [0x00007FF64E673656+693206]
(No symbol) [0x00007FF64E551638]
(No symbol) [0x00007FF64E54D944]
(No symbol) [0x00007FF64E54DA72]
(No symbol) [0x00007FF64E53E123]
BaseThreadInitThunk [0x00007FFC8EE3257D+29]
RtlUserThreadStart [0x00007FFC9024AA68+40]

at org.openqa.selenium.remote.W3CHandshakeResponse.lambda$errorHandler$0(W3CHandshakeResponse.java:62)
at org.openqa.selenium.remote.HandshakeResponse.lambda$getResponseFunction$0(HandshakeResponse.java:30)
at org.openqa.selenium.remote.ProtocolHandshake.lambda$createSession$0(ProtocolHandshake.java:126)
at java.base/java.util.stream.ReferencePipeline$3$1.accept(ReferencePipeline.java:197)
at java.base/java.util.Spliterators$ArraySpliterator.tryAdvance(Spliterators.java:1016)
at java.base/java.util.stream.ReferencePipeline.forEachWithCancel(ReferencePipeline.java:129)
at java.base/java.util.stream.AbstractPipeline.copyIntoWithCancel(AbstractPipeline.java:527)
at java.base/java.util.stream.AbstractPipeline.copyInto(AbstractPipeline.java:513)
at java.base/java.util.stream.AbstractPipeline.wrapAndCopyInto(AbstractPipeline.java:499)
at java.base/java.util.stream.FindOps$FindOp.evaluateSequential(FindOps.java:150)
at java.base/java.util.stream.AbstractPipeline.evaluate(AbstractPipeline.java:234)
at java.base/java.util.stream.ReferencePipeline.findFirst(ReferencePipeline.java:647)
at org.openqa.selenium.remote.ProtocolHandshake.createSession(ProtocolHandshake.java:128)
at org.openqa.selenium.remote.ProtocolHandshake.createSession(ProtocolHandshake.java:74)
at org.openqa.selenium.remote.HttpCommandExecutor.execute(HttpCommandExecutor.java:136)
at org.openqa.selenium.remote.service.DriverCommandExecutor.execute(DriverCommandExecutor.java:83)
at org.openqa.selenium.remote.RemoteWebDriver.execute(RemoteWebDriver.java:552)
at org.openqa.selenium.remote.RemoteWebDriver.startSession(RemoteWebDriver.java:213)
at org.openqa.selenium.remote.RemoteWebDriver.<init>(RemoteWebDriver.java:131)
at org.openqa.selenium.chrome.ChromeDriver.<init>(ChromeDriver.java:181)
at org.openqa.selenium.chrome.ChromeDriver.<init>(ChromeDriver.java:168)
at org.openqa.selenium.chrome.ChromeDriver.<init>(ChromeDriver.java:123)
at TestNg_Sequential.Cross_Browser.fb(Cross_Browser.java:25)
at java.base/java.util.ArrayList.forEach(ArrayList.java:1511)
at java.base/java.util.concurrent.FutureTask.run(FutureTask.java:317)
at java.base/java.util.concurrent.ThreadPoolExecutor.runWorker(ThreadPoolExecutor.java:1144)
at java.base/java.util.concurrent.ThreadPoolExecutor$Worker.run(ThreadPoolExecutor.java:642)
at java.base/java.lang.Thread.run(Thread.java:1589)
... Removed 18 stack frames]]>
    </failure>
  </testcase> <!-- fb -->
</testsuite> <!-- Test2 -->
